c:\studenci\dk\debug\vc140.pdb
c:\studenci\dk\debug\vc140.idb
c:\studenci\dk\debug\glowny.obj
c:\studenci\dk\debug\grafika.obj
c:\studenci\dk\debug\interakcja.obj
c:\studenci\dk\debug\kwaternion.obj
c:\studenci\dk\debug\obiekty.obj
c:\studenci\dk\debug\siec.obj
c:\studenci\dk\debug\wektor.obj
c:\studenci\dk2\dk\debug\vc140.pdb
c:\studenci\dk2\dk\debug\vc140.idb
c:\studenci\dk2\dk\debug\kwaternion.obj
c:\studenci\dk2\dk\debug\obiekty.obj
c:\studenci\dk2\dk\debug\siec.obj
c:\studenci\dk2\dk\debug\wektor.obj
c:\studenci\dk\debug\wzr_vis.ilk
c:\studenci\dk\debug\wzr_vis.exe
c:\studenci\dk\debug\gk-opengl.pdb
c:\studenci\dk2\dk\debug\glowny.obj
c:\studenci\dk2\dk\debug\grafika.obj
c:\studenci\dk2\dk\debug\wzr_vis.ilk
c:\studenci\dk2\dk\debug\gk-opengl.pdb
c:\studenci\dk2\dk\debug\wzr_vis.exe
c:\studenci\dk2\dk\debug\wzr_vis.tlog\cl.command.1.tlog
c:\studenci\dk2\dk\debug\wzr_vis.tlog\cl.read.1.tlog
c:\studenci\dk2\dk\debug\wzr_vis.tlog\cl.write.1.tlog
c:\studenci\dk2\dk\debug\wzr_vis.tlog\link.command.1.tlog
c:\studenci\dk2\dk\debug\wzr_vis.tlog\link.read.1.tlog
c:\studenci\dk2\dk\debug\wzr_vis.tlog\link.write.1.tlog
